[w.tuybutky.com/dang-ky-app-5015a.html]
[backblue.gif]
[fade.gif]
[index.html]
[w.ladicdn.com_443/60e5594f577a1e00128fc980/mb-20220921104019-srxmc.png]
[w.ladicdn.com/v5/source/ladipagev3.minefcd.js]
[w.ladicdn.com/s400x400/5ea845b95da1a2557f302daa/ic1-20221216123957-bleeb.png]
[w.ladicdn.com/s400x400/5ea845b95da1a2557f302daa/ic2-20221216123957-gf3pu.png]
[w.ladicdn.com/s400x400/5ea845b95da1a2557f302daa/ic3-20221216123957-anqwy.png]
[w.ladicdn.com/s400x400/5ea845b95da1a2557f302daa/ic4-20221216123957-sq9i2.png]
[w.ladicdn.com/s400x400/5ea845b95da1a2557f302daa/referralnhntin20-20221216131936-sn_di.png]
[w.ladicdn.com/s350x350/5ea845b95da1a2557f302daa/referralnote-20221216134647-csgih.png]
[w.ladicdn.com/s1440x632/5ea845b95da1a2557f302daa/web_referred-20221216125708-h4ny3.png]
[w.ladicdn.com/s450x450/5ea845b95da1a2557f302daa/mobile_referred-20221216125708-ipti3.png]
[w.ladicdn.com/s550x400/5ea845b95da1a2557f302daa/logombblue-20221216123957-3epya.png]
[w.ladicdn.com/s1200x850/5ea845b95da1a2557f302daa/webfamily-20221216123958-cp2am.png]
[w.ladicdn.com/s450x400/5ea845b95da1a2557f302daa/logombblue-20221216123957-3epya.png]
[w.ladicdn.com/s750x750/5ea845b95da1a2557f302daa/mobile_referred-20221216125708-ipti3.png]
[w.ladicdn.com/s750x600/5ea845b95da1a2557f302daa/webfamily-20221216123958-cp2am.png]
[w.tuybutky.com/dang-ky-app-5015a.html]
[g.ladicdn.com/tracking/5e51ff6161a254079fc6d2ed-647335fbd3b64a00123b4232.js]
